# JRE version: OpenJDK Runtime Environment Temurin-17.0.7+7 (17.0.7+7) (build 17.0.7+7)
# Java VM: OpenJDK 64-Bit Server VM Temurin-17.0.7+7 (17.0.7+7, mixed mode, emulated-client, tiered, compressed oops, compressed class ptrs, g1 gc, windows-amd64)
GC Precious Log:
 CPUs: 4 total, 4 available
 Memory: 3999M
 Large Page Support: Disabled
 NUMA Support: Disabled
 Compressed Oops: Enabled (32-bit)
 Heap Region Size: 1M
 Heap Min Capacity: 8M
 Heap Initial Capacity: 64M
 Heap Max Capacity: 1000M
 Pre-touch: Disabled
 Parallel Workers: 4
 Concurrent Workers: 1
 Concurrent Refinement Workers: 4
 Periodic GC: Disabled
Heap:
 garbage-first heap   total 37888K, used 21201K [0x00000000c1800000, 0x0000000100000000)
  region size 1024K, 4 young (4096K), 2 survivors (2048K)
 Metaspace       used 46531K, committed 46976K, reserved 1114112K
  class space    used 6088K, committed 6272K, reserved 1048576K
GC Heap History (20 events):
Event: 6.857 GC heap before
{Heap before GC invocations=8 (full 0):
 garbage-first heap   total 37888K, used 25061K [0x00000000c1800000, 0x0000000100000000)
  region size 1024K, 16 young (16384K), 2 survivors (2048K)
 Metaspace       used 30105K, committed 30400K, reserved 1114112K
  class space    used 3711K, committed 3840K, reserved 1048576K
}
Event: 6.861 GC heap after
{Heap after GC invocations=9 (full 0):
 garbage-first heap   total 37888K, used 12581K [0x00000000c1800000, 0x0000000100000000)
  region size 1024K, 1 young (1024K), 1 survivors (1024K)
 Metaspace       used 30105K, committed 30400K, reserved 1114112K
  class space    used 3711K, committed 3840K, reserved 1048576K
}
Event: 7.244 GC heap before
{Heap before GC invocations=9 (full 0):
 garbage-first heap   total 37888K, used 26917K [0x00000000c1800000, 0x0000000100000000)
  region size 1024K, 15 young (15360K), 1 survivors (1024K)
 Metaspace       used 31340K, committed 31680K, reserved 1114112K
  class space    used 3892K, committed 4032K, reserved 1048576K
}
Event: 7.248 GC heap after
{Heap after GC invocations=10 (full 0):
 garbage-first heap   total 37888K, used 13437K [0x00000000c1800000, 0x0000000100000000)
  region size 1024K, 2 young (2048K), 2 survivors (2048K)
 Metaspace       used 31340K, committed 31680K, reserved 1114112K
  class space    used 3892K, committed 4032K, reserved 1048576K
}
Event: 8.365 GC heap before
{Heap before GC invocations=10 (full 0):
 garbage-first heap   total 37888K, used 27773K [0x00000000c1800000, 0x0000000100000000)
  region size 1024K, 16 young (16384K), 2 survivors (2048K)
 Metaspace       used 33209K, committed 33536K, reserved 1114112K
  class space    used 4195K, committed 4352K, reserved 1048576K
}
Event: 8.369 GC heap after
{Heap after GC invocations=11 (full 0):
 garbage-first heap   total 37888K, used 14497K [0x00000000c1800000, 0x0000000100000000)
  region size 1024K, 2 young (2048K), 2 survivors (2048K)
 Metaspace       used 33209K, committed 33536K, reserved 1114112K
  class space    used 4195K, committed 4352K, reserved 1048576K
}
Event: 12.544 GC heap before
{Heap before GC invocations=11 (full 0):
 garbage-first heap   total 37888K, used 26785K [0x00000000c1800000, 0x0000000100000000)
  region size 1024K, 15 young (15360K), 2 survivors (2048K)
 Metaspace       used 35609K, committed 36096K, reserved 1114112K
  class space    used 4563K, committed 4800K, reserved 1048576K
}
Event: 12.563 GC heap after
{Heap after GC invocations=12 (full 0):
 garbage-first heap   total 37888K, used 15710K [0x00000000c1800000, 0x0000000100000000)
  region size 1024K, 2 young (2048K), 2 survivors (2048K)
 Metaspace       used 35609K, committed 36096K, reserved 1114112K
  class space    used 4563K, committed 4800K, reserved 1048576K
}
Event: 12.583 GC heap before
{Heap before GC invocations=12 (full 0):
 garbage-first heap   total 37888K, used 15710K [0x00000000c1800000, 0x0000000100000000)
  region size 1024K, 3 young (3072K), 2 survivors (2048K)
 Metaspace       used 35647K, committed 36096K, reserved 1114112K
  class space    used 4569K, committed 4800K, reserved 1048576K
}
Event: 12.590 GC heap after
{Heap after GC invocations=13 (full 0):
 garbage-first heap   total 37888K, used 16213K [0x00000000c1800000, 0x0000000100000000)
  region size 1024K, 1 young (1024K), 1 survivors (1024K)
 Metaspace       used 35647K, committed 36096K, reserved 1114112K
  class space    used 4569K, committed 4800K, reserved 1048576K
}
Event: 20.717 GC heap before
{Heap before GC invocations=14 (full 0):
 garbage-first heap   total 37888K, used 28501K [0x00000000c1800000, 0x0000000100000000)
  region size 1024K, 13 young (13312K), 1 survivors (1024K)
 Metaspace       used 37532K, committed 37952K, reserved 1114112K
  class space    used 4844K, committed 5056K, reserved 1048576K
}
Event: 20.727 GC heap after
{Heap after GC invocations=15 (full 0):
 garbage-first heap   total 37888K, used 17149K [0x00000000c1800000, 0x0000000100000000)
  region size 1024K, 2 young (2048K), 2 survivors (2048K)
 Metaspace       used 37532K, committed 37952K, reserved 1114112K
  class space    used 4844K, committed 5056K, reserved 1048576K
}
Event: 22.190 GC heap before
{Heap before GC invocations=15 (full 0):
 garbage-first heap   total 37888K, used 27389K [0x00000000c1800000, 0x0000000100000000)
  region size 1024K, 13 young (13312K), 2 survivors (2048K)
 Metaspace       used 38933K, committed 39424K, reserved 1114112K
  class space    used 5029K, committed 5248K, reserved 1048576K
}
Event: 22.194 GC heap after
{Heap after GC invocations=16 (full 0):
 garbage-first heap   total 37888K, used 18304K [0x00000000c1800000, 0x0000000100000000)
  region size 1024K, 2 young (2048K), 2 survivors (2048K)
 Metaspace       used 38933K, committed 39424K, reserved 1114112K
  class space    used 5029K, committed 5248K, reserved 1048576K
}
Event: 23.934 GC heap before
{Heap before GC invocations=16 (full 0):
 garbage-first heap   total 37888K, used 28544K [0x00000000c1800000, 0x0000000100000000)
  region size 1024K, 12 young (12288K), 2 survivors (2048K)
 Metaspace       used 40680K, committed 41152K, reserved 1114112K
  class space    used 5255K, committed 5440K, reserved 1048576K
}
Event: 23.940 GC heap after
{Heap after GC invocations=17 (full 0):
 garbage-first heap   total 37888K, used 18878K [0x00000000c1800000, 0x0000000100000000)
  region size 1024K, 1 young (1024K), 1 survivors (1024K)
 Metaspace       used 40680K, committed 41152K, reserved 1114112K
  class space    used 5255K, committed 5440K, reserved 1048576K
}
Event: 27.993 GC heap before
{Heap before GC invocations=18 (full 0):
 garbage-first heap   total 37888K, used 30142K [0x00000000c1800000, 0x0000000100000000)
  region size 1024K, 12 young (12288K), 1 survivors (1024K)
 Metaspace       used 43505K, committed 43968K, reserved 1114112K
  class space    used 5681K, committed 5888K, reserved 1048576K
}
Event: 27.997 GC heap after
{Heap after GC invocations=19 (full 0):
 garbage-first heap   total 37888K, used 19321K [0x00000000c1800000, 0x0000000100000000)
  region size 1024K, 2 young (2048K), 2 survivors (2048K)
 Metaspace       used 43505K, committed 43968K, reserved 1114112K
  class space    used 5681K, committed 5888K, reserved 1048576K
}
Event: 28.831 GC heap before
{Heap before GC invocations=19 (full 0):
 garbage-first heap   total 37888K, used 28537K [0x00000000c1800000, 0x0000000100000000)
  region size 1024K, 12 young (12288K), 2 survivors (2048K)
 Metaspace       used 46052K, committed 46528K, reserved 1114112K
  class space    used 6049K, committed 6272K, reserved 1048576K
}
Event: 28.836 GC heap after
{Heap after GC invocations=20 (full 0):
 garbage-first heap   total 37888K, used 20177K [0x00000000c1800000, 0x0000000100000000)
  region size 1024K, 2 young (2048K), 2 survivors (2048K)
 Metaspace       used 46052K, committed 46528K, reserved 1114112K
  class space    used 6049K, committed 6272K, reserved 1048576K
}

